<<<<<<< HEAD
2016-05-12 02:03:35 Notice: Notice (1024): Please change the value of 'Security.salt' in ROOT/config/app.php to a salt value specific to your application. in [C:\Users\machidatakahiro\Desktop\pleiades\xampp\htdocs\ec-site\Ec-Site\vendor\cakephp\cakephp\src\Error\Debugger.php, line 791]
=======
2016-05-12 02:02:47 Notice: Notice (1024): Please change the value of 'Security.salt' in ROOT/config/app.php to a salt value specific to your application. in [C:\Users\arigakoyo\Desktop\work\ec-site\Ec-Site\vendor\cakephp\cakephp\src\Error\Debugger.php, line 791]
Trace:
Cake\Error\BaseErrorHandler::handleError() - CORE\src\Error\BaseErrorHandler.php, line 140
Cake\Error\Debugger::checkSecurityKeys() - CORE\src\Error\Debugger.php, line 791
include - APP/Template\Pages\home.ctp, line 50
Cake\View\View::_evaluate() - CORE\src\View\View.php, line 992
Cake\View\View::_render() - CORE\src\View\View.php, line 952
Cake\View\View::render() - CORE\src\View\View.php, line 587
Cake\Controller\Controller::render() - CORE\src\Controller\Controller.php, line 612
App\Controller\PagesController::display() - APP/Controller\PagesController.php, line 57
Cake\Controller\Controller::invokeAction() - CORE\src\Controller\Controller.php, line 430
Cake\Routing\Dispatcher::_invoke() - CORE\src\Routing\Dispatcher.php, line 114
Cake\Routing\Dispatcher::dispatch() - CORE\src\Routing\Dispatcher.php, line 87
[main] - ROOT\webroot\index.php, line 37



2016-05-12 02:03:56 Notice: Notice (1024): Please change the value of 'Security.salt' in ROOT/config/app.php to a salt value specific to your application. in [C:\Users\arigakoyo\Desktop\work\ec-site\Ec-Site\vendor\cakephp\cakephp\src\Error\Debugger.php, line 791]
Trace:
Cake\Error\BaseErrorHandler::handleError() - CORE\src\Error\BaseErrorHandler.php, line 140
Cake\Error\Debugger::checkSecurityKeys() - CORE\src\Error\Debugger.php, line 791
include - APP/Template\Pages\home.ctp, line 50
Cake\View\View::_evaluate() - CORE\src\View\View.php, line 992
Cake\View\View::_render() - CORE\src\View\View.php, line 952
Cake\View\View::render() - CORE\src\View\View.php, line 587
Cake\Controller\Controller::render() - CORE\src\Controller\Controller.php, line 612
App\Controller\PagesController::display() - APP/Controller\PagesController.php, line 57
Cake\Controller\Controller::invokeAction() - CORE\src\Controller\Controller.php, line 430
Cake\Routing\Dispatcher::_invoke() - CORE\src\Routing\Dispatcher.php, line 114
Cake\Routing\Dispatcher::dispatch() - CORE\src\Routing\Dispatcher.php, line 87
[main] - ROOT\webroot\index.php, line 37



2016-05-12 02:04:23 Notice: Notice (1024): Please change the value of 'Security.salt' in ROOT/config/app.php to a salt value specific to your application. in [C:\Users\arigakoyo\Desktop\work\ec-site\Ec-Site\vendor\cakephp\cakephp\src\Error\Debugger.php, line 791]
Trace:
Cake\Error\BaseErrorHandler::handleError() - CORE\src\Error\BaseErrorHandler.php, line 140
Cake\Error\Debugger::checkSecurityKeys() - CORE\src\Error\Debugger.php, line 791
include - APP/Template\Pages\home.ctp, line 50
Cake\View\View::_evaluate() - CORE\src\View\View.php, line 992
Cake\View\View::_render() - CORE\src\View\View.php, line 952
Cake\View\View::render() - CORE\src\View\View.php, line 587
Cake\Controller\Controller::render() - CORE\src\Controller\Controller.php, line 612
App\Controller\PagesController::display() - APP/Controller\PagesController.php, line 57
Cake\Controller\Controller::invokeAction() - CORE\src\Controller\Controller.php, line 430
Cake\Routing\Dispatcher::_invoke() - CORE\src\Routing\Dispatcher.php, line 114
Cake\Routing\Dispatcher::dispatch() - CORE\src\Routing\Dispatcher.php, line 87
[main] - ROOT\webroot\index.php, line 37



2016-05-12 02:06:13 Notice: Notice (1024): Please change the value of 'Security.salt' in ROOT/config/app.php to a salt value specific to your application. in [C:\Users\arigakoyo\Desktop\work\ec-site\Ec-Site\vendor\cakephp\cakephp\src\Error\Debugger.php, line 791]
>>>>>>> e4fcadee0c565ab8ab05dab63b1315e8f11d642e
Trace:
Cake\Error\BaseErrorHandler::handleError() - CORE\src\Error\BaseErrorHandler.php, line 140
Cake\Error\Debugger::checkSecurityKeys() - CORE\src\Error\Debugger.php, line 791
include - APP/Template\Pages\home.ctp, line 50
Cake\View\View::_evaluate() - CORE\src\View\View.php, line 992
Cake\View\View::_render() - CORE\src\View\View.php, line 952
Cake\View\View::render() - CORE\src\View\View.php, line 587
Cake\Controller\Controller::render() - CORE\src\Controller\Controller.php, line 612
App\Controller\PagesController::display() - APP/Controller\PagesController.php, line 57
Cake\Controller\Controller::invokeAction() - CORE\src\Controller\Controller.php, line 430
Cake\Routing\Dispatcher::_invoke() - CORE\src\Routing\Dispatcher.php, line 114
Cake\Routing\Dispatcher::dispatch() - CORE\src\Routing\Dispatcher.php, line 87
[main] - ROOT\webroot\index.php, line 37



2016-05-12 05:12:00 Notice: Deprecated (16384): Controller::$autoLayout is deprecated. Use $this->viewBuilder()->autoLayout() instead. in [C:\Users\arigakoyo\Desktop\work\ec-site\Ec-Site\vendor\cakephp\cakephp\src\Controller\Controller.php, line 376]
Trace:
Cake\Error\BaseErrorHandler::handleError() - CORE\src\Error\BaseErrorHandler.php, line 140
Cake\Controller\Controller::__set() - CORE\src\Controller\Controller.php, line 376
App\Controller\EcsiteController::cart() - APP/Controller\EcsiteController.php, line 9
Cake\Controller\Controller::invokeAction() - CORE\src\Controller\Controller.php, line 430
Cake\Routing\Dispatcher::_invoke() - CORE\src\Routing\Dispatcher.php, line 114
Cake\Routing\Dispatcher::dispatch() - CORE\src\Routing\Dispatcher.php, line 87
[main] - ROOT\webroot\index.php, line 37



2016-05-12 05:14:30 Notice: Deprecated (16384): Property $autoLayout is deprecated. Use $this->viewBuilder()->autoLayout() instead in beforeRender(). in [C:\Users\arigakoyo\Desktop\work\ec-site\Ec-Site\vendor\cakephp\cakephp\src\View\ViewVarsTrait.php, line 104]
Trace:
Cake\Error\BaseErrorHandler::handleError() - CORE\src\Error\BaseErrorHandler.php, line 140
Cake\Controller\Controller::createView() - CORE\src\View\ViewVarsTrait.php, line 104
Cake\Controller\Controller::render() - CORE\src\Controller\Controller.php, line 611
Cake\Routing\Dispatcher::_invoke() - CORE\src\Routing\Dispatcher.php, line 120
Cake\Routing\Dispatcher::dispatch() - CORE\src\Routing\Dispatcher.php, line 87
[main] - ROOT\webroot\index.php, line 37



2016-05-12 05:14:34 Notice: Deprecated (16384): Property $autoLayout is deprecated. Use $this->viewBuilder()->autoLayout() instead in beforeRender(). in [C:\Users\arigakoyo\Desktop\work\ec-site\Ec-Site\vendor\cakephp\cakephp\src\View\ViewVarsTrait.php, line 104]
Trace:
Cake\Error\BaseErrorHandler::handleError() - CORE\src\Error\BaseErrorHandler.php, line 140
Cake\Controller\Controller::createView() - CORE\src\View\ViewVarsTrait.php, line 104
Cake\Controller\Controller::render() - CORE\src\Controller\Controller.php, line 611
Cake\Routing\Dispatcher::_invoke() - CORE\src\Routing\Dispatcher.php, line 120
Cake\Routing\Dispatcher::dispatch() - CORE\src\Routing\Dispatcher.php, line 87
[main] - ROOT\webroot\index.php, line 37



2016-05-12 05:14:36 Notice: Deprecated (16384): Property $autoLayout is deprecated. Use $this->viewBuilder()->autoLayout() instead in beforeRender(). in [C:\Users\arigakoyo\Desktop\work\ec-site\Ec-Site\vendor\cakephp\cakephp\src\View\ViewVarsTrait.php, line 104]
Trace:
Cake\Error\BaseErrorHandler::handleError() - CORE\src\Error\BaseErrorHandler.php, line 140
Cake\Controller\Controller::createView() - CORE\src\View\ViewVarsTrait.php, line 104
Cake\Controller\Controller::render() - CORE\src\Controller\Controller.php, line 611
Cake\Routing\Dispatcher::_invoke() - CORE\src\Routing\Dispatcher.php, line 120
Cake\Routing\Dispatcher::dispatch() - CORE\src\Routing\Dispatcher.php, line 87
[main] - ROOT\webroot\index.php, line 37



2016-05-12 05:15:06 Notice: Deprecated (16384): Controller::$autoLayout is deprecated. Use $this->viewBuilder()->autoLayout() instead. in [C:\Users\arigakoyo\Desktop\work\ec-site\Ec-Site\vendor\cakephp\cakephp\src\Controller\Controller.php, line 376]
Trace:
Cake\Error\BaseErrorHandler::handleError() - CORE\src\Error\BaseErrorHandler.php, line 140
Cake\Controller\Controller::__set() - CORE\src\Controller\Controller.php, line 376
App\Controller\EcsiteController::cart() - APP/Controller\EcsiteController.php, line 10
Cake\Controller\Controller::invokeAction() - CORE\src\Controller\Controller.php, line 430
Cake\Routing\Dispatcher::_invoke() - CORE\src\Routing\Dispatcher.php, line 114
Cake\Routing\Dispatcher::dispatch() - CORE\src\Routing\Dispatcher.php, line 87
[main] - ROOT\webroot\index.php, line 37



2016-05-12 05:16:45 Notice: Deprecated (16384): Controller::$autoLayout is deprecated. Use $this->viewBuilder()->autoLayout() instead. in [C:\Users\arigakoyo\Desktop\work\ec-site\Ec-Site\vendor\cakephp\cakephp\src\Controller\Controller.php, line 376]
Trace:
Cake\Error\BaseErrorHandler::handleError() - CORE\src\Error\BaseErrorHandler.php, line 140
Cake\Controller\Controller::__set() - CORE\src\Controller\Controller.php, line 376
App\Controller\EcsiteController::cart() - APP/Controller\EcsiteController.php, line 10
Cake\Controller\Controller::invokeAction() - CORE\src\Controller\Controller.php, line 430
Cake\Routing\Dispatcher::_invoke() - CORE\src\Routing\Dispatcher.php, line 114
Cake\Routing\Dispatcher::dispatch() - CORE\src\Routing\Dispatcher.php, line 87
[main] - ROOT\webroot\index.php, line 37



2016-05-12 05:17:04 Notice: Notice (8): Indirect modification of overloaded property App\Controller\EcsiteController::$viewBulider has no effect in [C:\Users\arigakoyo\Desktop\work\ec-site\Ec-Site\src\Controller\EcsiteController.php, line 10]
Trace:
Cake\Error\BaseErrorHandler::handleError() - CORE\src\Error\BaseErrorHandler.php, line 140
App\Controller\EcsiteController::cart() - APP/Controller\EcsiteController.php, line 10
Cake\Controller\Controller::invokeAction() - CORE\src\Controller\Controller.php, line 430
Cake\Routing\Dispatcher::_invoke() - CORE\src\Routing\Dispatcher.php, line 114
Cake\Routing\Dispatcher::dispatch() - CORE\src\Routing\Dispatcher.php, line 87
[main] - ROOT\webroot\index.php, line 37



2016-05-12 05:17:16 Notice: Deprecated (16384): Controller::$autoLayout is deprecated. Use $this->viewBuilder()->autoLayout() instead. in [C:\Users\arigakoyo\Desktop\work\ec-site\Ec-Site\vendor\cakephp\cakephp\src\Controller\Controller.php, line 376]
Trace:
Cake\Error\BaseErrorHandler::handleError() - CORE\src\Error\BaseErrorHandler.php, line 140
Cake\Controller\Controller::__set() - CORE\src\Controller\Controller.php, line 376
App\Controller\EcsiteController::cart() - APP/Controller\EcsiteController.php, line 10
Cake\Controller\Controller::invokeAction() - CORE\src\Controller\Controller.php, line 430
Cake\Routing\Dispatcher::_invoke() - CORE\src\Routing\Dispatcher.php, line 114
Cake\Routing\Dispatcher::dispatch() - CORE\src\Routing\Dispatcher.php, line 87
[main] - ROOT\webroot\index.php, line 37



